CRITICAL - 2023-12-16 17:31:37 --> Undefined property: stdClass::$room_name
in APPPATH\Controllers\BookingRoomController.php on line 27.
 1 APPPATH\Controllers\BookingRoomController.php(27): CodeIgniter\Debug\Exceptions->errorHandler(2, 'Undefined property: stdClass::$room_name', 'C:\\laragon\\www\\Veronica_backend\\app\\Controllers\\BookingRoomController.php', 27)
 2 SYSTEMPATH\CodeIgniter.php(919): App\Controllers\BookingRoomController->createBooking()
 3 SYSTEMPATH\CodeIgniter.php(494): CodeIgniter\CodeIgniter->runController(Object(App\Controllers\BookingRoomController))
 4 SYSTEMPATH\CodeIgniter.php(353): CodeIgniter\CodeIgniter->handleRequest(null, Object(Config\Cache), false)
 5 FCPATH\index.php(86): CodeIgniter\CodeIgniter->run()
CRITICAL - 2023-12-16 17:31:39 --> Undefined property: stdClass::$room_name
in APPPATH\Controllers\BookingRoomController.php on line 27.
 1 APPPATH\Controllers\BookingRoomController.php(27): CodeIgniter\Debug\Exceptions->errorHandler(2, 'Undefined property: stdClass::$room_name', 'C:\\laragon\\www\\Veronica_backend\\app\\Controllers\\BookingRoomController.php', 27)
 2 SYSTEMPATH\CodeIgniter.php(919): App\Controllers\BookingRoomController->createBooking()
 3 SYSTEMPATH\CodeIgniter.php(494): CodeIgniter\CodeIgniter->runController(Object(App\Controllers\BookingRoomController))
 4 SYSTEMPATH\CodeIgniter.php(353): CodeIgniter\CodeIgniter->handleRequest(null, Object(Config\Cache), false)
 5 FCPATH\index.php(86): CodeIgniter\CodeIgniter->run()
CRITICAL - 2023-12-16 17:31:51 --> Undefined property: stdClass::$room_name
in APPPATH\Controllers\BookingRoomController.php on line 27.
 1 APPPATH\Controllers\BookingRoomController.php(27): CodeIgniter\Debug\Exceptions->errorHandler(2, 'Undefined property: stdClass::$room_name', 'C:\\laragon\\www\\Veronica_backend\\app\\Controllers\\BookingRoomController.php', 27)
 2 SYSTEMPATH\CodeIgniter.php(919): App\Controllers\BookingRoomController->createBooking()
 3 SYSTEMPATH\CodeIgniter.php(494): CodeIgniter\CodeIgniter->runController(Object(App\Controllers\BookingRoomController))
 4 SYSTEMPATH\CodeIgniter.php(353): CodeIgniter\CodeIgniter->handleRequest(null, Object(Config\Cache), false)
 5 FCPATH\index.php(86): CodeIgniter\CodeIgniter->run()
CRITICAL - 2023-12-16 17:36:49 --> Undefined property: stdClass::$room_name
in APPPATH\Controllers\BookingRoomController.php on line 27.
 1 APPPATH\Controllers\BookingRoomController.php(27): CodeIgniter\Debug\Exceptions->errorHandler(2, 'Undefined property: stdClass::$room_name', 'C:\\laragon\\www\\Veronica_backend\\app\\Controllers\\BookingRoomController.php', 27)
 2 SYSTEMPATH\CodeIgniter.php(919): App\Controllers\BookingRoomController->createBooking()
 3 SYSTEMPATH\CodeIgniter.php(494): CodeIgniter\CodeIgniter->runController(Object(App\Controllers\BookingRoomController))
 4 SYSTEMPATH\CodeIgniter.php(353): CodeIgniter\CodeIgniter->handleRequest(null, Object(Config\Cache), false)
 5 FCPATH\index.php(86): CodeIgniter\CodeIgniter->run()
CRITICAL - 2023-12-16 17:37:03 --> Undefined property: stdClass::$room_name
in APPPATH\Controllers\BookingRoomController.php on line 27.
 1 APPPATH\Controllers\BookingRoomController.php(27): CodeIgniter\Debug\Exceptions->errorHandler(2, 'Undefined property: stdClass::$room_name', 'C:\\laragon\\www\\Veronica_backend\\app\\Controllers\\BookingRoomController.php', 27)
 2 SYSTEMPATH\CodeIgniter.php(919): App\Controllers\BookingRoomController->createBooking()
 3 SYSTEMPATH\CodeIgniter.php(494): CodeIgniter\CodeIgniter->runController(Object(App\Controllers\BookingRoomController))
 4 SYSTEMPATH\CodeIgniter.php(353): CodeIgniter\CodeIgniter->handleRequest(null, Object(Config\Cache), false)
 5 FCPATH\index.php(86): CodeIgniter\CodeIgniter->run()
CRITICAL - 2023-12-16 17:38:53 --> Undefined property: stdClass::$room_name
in APPPATH\Controllers\BookingRoomController.php on line 27.
 1 APPPATH\Controllers\BookingRoomController.php(27): CodeIgniter\Debug\Exceptions->errorHandler(2, 'Undefined property: stdClass::$room_name', 'C:\\laragon\\www\\Veronica_backend\\app\\Controllers\\BookingRoomController.php', 27)
 2 SYSTEMPATH\CodeIgniter.php(919): App\Controllers\BookingRoomController->createBooking()
 3 SYSTEMPATH\CodeIgniter.php(494): CodeIgniter\CodeIgniter->runController(Object(App\Controllers\BookingRoomController))
 4 SYSTEMPATH\CodeIgniter.php(353): CodeIgniter\CodeIgniter->handleRequest(null, Object(Config\Cache), false)
 5 FCPATH\index.php(86): CodeIgniter\CodeIgniter->run()
CRITICAL - 2023-12-16 17:38:54 --> Undefined property: stdClass::$room_name
in APPPATH\Controllers\BookingRoomController.php on line 27.
 1 APPPATH\Controllers\BookingRoomController.php(27): CodeIgniter\Debug\Exceptions->errorHandler(2, 'Undefined property: stdClass::$room_name', 'C:\\laragon\\www\\Veronica_backend\\app\\Controllers\\BookingRoomController.php', 27)
 2 SYSTEMPATH\CodeIgniter.php(919): App\Controllers\BookingRoomController->createBooking()
 3 SYSTEMPATH\CodeIgniter.php(494): CodeIgniter\CodeIgniter->runController(Object(App\Controllers\BookingRoomController))
 4 SYSTEMPATH\CodeIgniter.php(353): CodeIgniter\CodeIgniter->handleRequest(null, Object(Config\Cache), false)
 5 FCPATH\index.php(86): CodeIgniter\CodeIgniter->run()
