CRITICAL - 2023-12-20 06:47:03 --> Undefined property: stdClass::$token
in APPPATH\Controllers\BookingRoomController.php on line 36.
 1 APPPATH\Controllers\BookingRoomController.php(36): CodeIgniter\Debug\Exceptions->errorHandler(2, 'Undefined property: stdClass::$token', 'C:\\laragon\\www\\Veronica_backend\\app\\Controllers\\BookingRoomController.php', 36)
 2 SYSTEMPATH\CodeIgniter.php(919): App\Controllers\BookingRoomController->createBooking()
 3 SYSTEMPATH\CodeIgniter.php(494): CodeIgniter\CodeIgniter->runController(Object(App\Controllers\BookingRoomController))
 4 SYSTEMPATH\CodeIgniter.php(353): CodeIgniter\CodeIgniter->handleRequest(null, Object(Config\Cache), false)
 5 FCPATH\index.php(86): CodeIgniter\CodeIgniter->run()
CRITICAL - 2023-12-20 06:49:04 --> Undefined property: stdClass::$token
in APPPATH\Controllers\BookingRoomController.php on line 36.
 1 APPPATH\Controllers\BookingRoomController.php(36): CodeIgniter\Debug\Exceptions->errorHandler(2, 'Undefined property: stdClass::$token', 'C:\\laragon\\www\\Veronica_backend\\app\\Controllers\\BookingRoomController.php', 36)
 2 SYSTEMPATH\CodeIgniter.php(919): App\Controllers\BookingRoomController->createBooking()
 3 SYSTEMPATH\CodeIgniter.php(494): CodeIgniter\CodeIgniter->runController(Object(App\Controllers\BookingRoomController))
 4 SYSTEMPATH\CodeIgniter.php(353): CodeIgniter\CodeIgniter->handleRequest(null, Object(Config\Cache), false)
 5 FCPATH\index.php(86): CodeIgniter\CodeIgniter->run()
CRITICAL - 2023-12-20 06:53:27 --> Undefined property: stdClass::$token
in APPPATH\Controllers\BookingRoomController.php on line 36.
 1 APPPATH\Controllers\BookingRoomController.php(36): CodeIgniter\Debug\Exceptions->errorHandler(2, 'Undefined property: stdClass::$token', 'C:\\laragon\\www\\Veronica_backend\\app\\Controllers\\BookingRoomController.php', 36)
 2 SYSTEMPATH\CodeIgniter.php(919): App\Controllers\BookingRoomController->createBooking()
 3 SYSTEMPATH\CodeIgniter.php(494): CodeIgniter\CodeIgniter->runController(Object(App\Controllers\BookingRoomController))
 4 SYSTEMPATH\CodeIgniter.php(353): CodeIgniter\CodeIgniter->handleRequest(null, Object(Config\Cache), false)
 5 FCPATH\index.php(86): CodeIgniter\CodeIgniter->run()
ERROR - 2023-12-20 06:59:25 --> mysqli_sql_exception: Unknown column 'token' in 'field list' in C:\laragon\www\Veronica_backend\system\Database\MySQLi\Connection.php:306
Stack trace:
#0 C:\laragon\www\Veronica_backend\system\Database\MySQLi\Connection.php(306): mysqli->query('INSERT INTO `bo...', 0)
#1 C:\laragon\www\Veronica_backend\system\Database\BaseConnection.php(692): CodeIgniter\Database\MySQLi\Connection->execute('INSERT INTO `bo...')
#2 C:\laragon\www\Veronica_backend\system\Database\BaseConnection.php(606): CodeIgniter\Database\BaseConnection->simpleQuery('INSERT INTO `bo...')
#3 C:\laragon\www\Veronica_backend\system\Database\BaseBuilder.php(2308): CodeIgniter\Database\BaseConnection->query('INSERT INTO `bo...', Array, false)
#4 C:\laragon\www\Veronica_backend\system\Model.php(319): CodeIgniter\Database\BaseBuilder->insert()
#5 C:\laragon\www\Veronica_backend\system\BaseModel.php(788): CodeIgniter\Model->doInsert(Array)
#6 C:\laragon\www\Veronica_backend\system\Model.php(715): CodeIgniter\BaseModel->insert(Array, true)
#7 C:\laragon\www\Veronica_backend\app\Controllers\BookingRoomController.php(41): CodeIgniter\Model->insert(Array)
#8 C:\laragon\www\Veronica_backend\system\CodeIgniter.php(919): App\Controllers\BookingRoomController->createBooking()
#9 C:\laragon\www\Veronica_backend\system\CodeIgniter.php(494): CodeIgniter\CodeIgniter->runController(Object(App\Controllers\BookingRoomController))
#10 C:\laragon\www\Veronica_backend\system\CodeIgniter.php(353): CodeIgniter\CodeIgniter->handleRequest(NULL, Object(Config\Cache), false)
#11 C:\laragon\www\Veronica_backend\public\index.php(86): CodeIgniter\CodeIgniter->run()
#12 {main}
CRITICAL - 2023-12-20 06:59:25 --> Unknown column 'token' in 'field list'
in SYSTEMPATH\Database\BaseConnection.php on line 646.
 1 SYSTEMPATH\Database\BaseBuilder.php(2308): CodeIgniter\Database\BaseConnection->query('INSERT INTO `booking_room` (`room_name`, `check_in_date`, `check_out_date`, `special_request`, `name`, `email`, `phone_number`, `address`, `token`, `status`) VALUES (:room_name:, :check_in_date:, :check_out_date:, :special_request:, :name:, :email:, :phone_number:, :address:, :token:, :status:)', [...], false)
 2 SYSTEMPATH\Model.php(319): CodeIgniter\Database\BaseBuilder->insert()
 3 SYSTEMPATH\BaseModel.php(788): CodeIgniter\Model->doInsert([...])
 4 SYSTEMPATH\Model.php(715): CodeIgniter\BaseModel->insert([...], true)
 5 APPPATH\Controllers\BookingRoomController.php(41): CodeIgniter\Model->insert([...])
 6 SYSTEMPATH\CodeIgniter.php(919): App\Controllers\BookingRoomController->createBooking()
 7 SYSTEMPATH\CodeIgniter.php(494): CodeIgniter\CodeIgniter->runController(Object(App\Controllers\BookingRoomController))
 8 SYSTEMPATH\CodeIgniter.php(353): CodeIgniter\CodeIgniter->handleRequest(null, Object(Config\Cache), false)
 9 FCPATH\index.php(86): CodeIgniter\CodeIgniter->run()
CRITICAL - 2023-12-20 16:51:40 --> Class "App\Controllers\UserModel" not found
in APPPATH\Controllers\BookingRoomController.php on line 47.
 1 SYSTEMPATH\CodeIgniter.php(919): App\Controllers\BookingRoomController->getUserData('null')
 2 SYSTEMPATH\CodeIgniter.php(494): CodeIgniter\CodeIgniter->runController(Object(App\Controllers\BookingRoomController))
 3 SYSTEMPATH\CodeIgniter.php(353): CodeIgniter\CodeIgniter->handleRequest(null, Object(Config\Cache), false)
 4 FCPATH\index.php(86): CodeIgniter\CodeIgniter->run()
CRITICAL - 2023-12-20 16:51:40 --> Class "App\Controllers\UserModel" not found
in APPPATH\Controllers\BookingRoomController.php on line 47.
 1 SYSTEMPATH\CodeIgniter.php(919): App\Controllers\BookingRoomController->getUserData('null')
 2 SYSTEMPATH\CodeIgniter.php(494): CodeIgniter\CodeIgniter->runController(Object(App\Controllers\BookingRoomController))
 3 SYSTEMPATH\CodeIgniter.php(353): CodeIgniter\CodeIgniter->handleRequest(null, Object(Config\Cache), false)
 4 FCPATH\index.php(86): CodeIgniter\CodeIgniter->run()
CRITICAL - 2023-12-20 16:53:28 --> Class "App\Controllers\UserModel" not found
in APPPATH\Controllers\BookingRoomController.php on line 47.
 1 SYSTEMPATH\CodeIgniter.php(919): App\Controllers\BookingRoomController->getUserData('null')
 2 SYSTEMPATH\CodeIgniter.php(494): CodeIgniter\CodeIgniter->runController(Object(App\Controllers\BookingRoomController))
 3 SYSTEMPATH\CodeIgniter.php(353): CodeIgniter\CodeIgniter->handleRequest(null, Object(Config\Cache), false)
 4 FCPATH\index.php(86): CodeIgniter\CodeIgniter->run()
CRITICAL - 2023-12-20 16:53:28 --> Class "App\Controllers\UserModel" not found
in APPPATH\Controllers\BookingRoomController.php on line 47.
 1 SYSTEMPATH\CodeIgniter.php(919): App\Controllers\BookingRoomController->getUserData('null')
 2 SYSTEMPATH\CodeIgniter.php(494): CodeIgniter\CodeIgniter->runController(Object(App\Controllers\BookingRoomController))
 3 SYSTEMPATH\CodeIgniter.php(353): CodeIgniter\CodeIgniter->handleRequest(null, Object(Config\Cache), false)
 4 FCPATH\index.php(86): CodeIgniter\CodeIgniter->run()
