CRITICAL - 2023-11-29 12:44:13 --> Attempt to read property "name" on null
in APPPATH\Controllers\MainController.php on line 35.
 1 APPPATH\Controllers\MainController.php(35): CodeIgniter\Debug\Exceptions->errorHandler(2, 'Attempt to read property "name" on null', 'C:\\laragon\\www\\Veronica_backend\\app\\Controllers\\MainController.php', 35)
 2 SYSTEMPATH\CodeIgniter.php(919): App\Controllers\MainController->save()
 3 SYSTEMPATH\CodeIgniter.php(494): CodeIgniter\CodeIgniter->runController(Object(App\Controllers\MainController))
 4 SYSTEMPATH\CodeIgniter.php(353): CodeIgniter\CodeIgniter->handleRequest(null, Object(Config\Cache), false)
 5 FCPATH\index.php(86): CodeIgniter\CodeIgniter->run()
CRITICAL - 2023-11-29 12:44:15 --> Attempt to read property "name" on null
in APPPATH\Controllers\MainController.php on line 35.
 1 APPPATH\Controllers\MainController.php(35): CodeIgniter\Debug\Exceptions->errorHandler(2, 'Attempt to read property "name" on null', 'C:\\laragon\\www\\Veronica_backend\\app\\Controllers\\MainController.php', 35)
 2 SYSTEMPATH\CodeIgniter.php(919): App\Controllers\MainController->save()
 3 SYSTEMPATH\CodeIgniter.php(494): CodeIgniter\CodeIgniter->runController(Object(App\Controllers\MainController))
 4 SYSTEMPATH\CodeIgniter.php(353): CodeIgniter\CodeIgniter->handleRequest(null, Object(Config\Cache), false)
 5 FCPATH\index.php(86): CodeIgniter\CodeIgniter->run()
CRITICAL - 2023-11-29 12:44:44 --> Attempt to read property "name" on null
in APPPATH\Controllers\MainController.php on line 35.
 1 APPPATH\Controllers\MainController.php(35): CodeIgniter\Debug\Exceptions->errorHandler(2, 'Attempt to read property "name" on null', 'C:\\laragon\\www\\Veronica_backend\\app\\Controllers\\MainController.php', 35)
 2 SYSTEMPATH\CodeIgniter.php(919): App\Controllers\MainController->save()
 3 SYSTEMPATH\CodeIgniter.php(494): CodeIgniter\CodeIgniter->runController(Object(App\Controllers\MainController))
 4 SYSTEMPATH\CodeIgniter.php(353): CodeIgniter\CodeIgniter->handleRequest(null, Object(Config\Cache), false)
 5 FCPATH\index.php(86): CodeIgniter\CodeIgniter->run()
CRITICAL - 2023-11-29 12:44:45 --> Attempt to read property "name" on null
in APPPATH\Controllers\MainController.php on line 35.
 1 APPPATH\Controllers\MainController.php(35): CodeIgniter\Debug\Exceptions->errorHandler(2, 'Attempt to read property "name" on null', 'C:\\laragon\\www\\Veronica_backend\\app\\Controllers\\MainController.php', 35)
 2 SYSTEMPATH\CodeIgniter.php(919): App\Controllers\MainController->save()
 3 SYSTEMPATH\CodeIgniter.php(494): CodeIgniter\CodeIgniter->runController(Object(App\Controllers\MainController))
 4 SYSTEMPATH\CodeIgniter.php(353): CodeIgniter\CodeIgniter->handleRequest(null, Object(Config\Cache), false)
 5 FCPATH\index.php(86): CodeIgniter\CodeIgniter->run()
CRITICAL - 2023-11-29 12:44:45 --> Attempt to read property "name" on null
in APPPATH\Controllers\MainController.php on line 35.
 1 APPPATH\Controllers\MainController.php(35): CodeIgniter\Debug\Exceptions->errorHandler(2, 'Attempt to read property "name" on null', 'C:\\laragon\\www\\Veronica_backend\\app\\Controllers\\MainController.php', 35)
 2 SYSTEMPATH\CodeIgniter.php(919): App\Controllers\MainController->save()
 3 SYSTEMPATH\CodeIgniter.php(494): CodeIgniter\CodeIgniter->runController(Object(App\Controllers\MainController))
 4 SYSTEMPATH\CodeIgniter.php(353): CodeIgniter\CodeIgniter->handleRequest(null, Object(Config\Cache), false)
 5 FCPATH\index.php(86): CodeIgniter\CodeIgniter->run()
CRITICAL - 2023-11-29 12:44:45 --> Attempt to read property "name" on null
in APPPATH\Controllers\MainController.php on line 35.
 1 APPPATH\Controllers\MainController.php(35): CodeIgniter\Debug\Exceptions->errorHandler(2, 'Attempt to read property "name" on null', 'C:\\laragon\\www\\Veronica_backend\\app\\Controllers\\MainController.php', 35)
 2 SYSTEMPATH\CodeIgniter.php(919): App\Controllers\MainController->save()
 3 SYSTEMPATH\CodeIgniter.php(494): CodeIgniter\CodeIgniter->runController(Object(App\Controllers\MainController))
 4 SYSTEMPATH\CodeIgniter.php(353): CodeIgniter\CodeIgniter->handleRequest(null, Object(Config\Cache), false)
 5 FCPATH\index.php(86): CodeIgniter\CodeIgniter->run()
CRITICAL - 2023-11-29 12:44:46 --> Attempt to read property "name" on null
in APPPATH\Controllers\MainController.php on line 35.
 1 APPPATH\Controllers\MainController.php(35): CodeIgniter\Debug\Exceptions->errorHandler(2, 'Attempt to read property "name" on null', 'C:\\laragon\\www\\Veronica_backend\\app\\Controllers\\MainController.php', 35)
 2 SYSTEMPATH\CodeIgniter.php(919): App\Controllers\MainController->save()
 3 SYSTEMPATH\CodeIgniter.php(494): CodeIgniter\CodeIgniter->runController(Object(App\Controllers\MainController))
 4 SYSTEMPATH\CodeIgniter.php(353): CodeIgniter\CodeIgniter->handleRequest(null, Object(Config\Cache), false)
 5 FCPATH\index.php(86): CodeIgniter\CodeIgniter->run()
CRITICAL - 2023-11-29 12:44:46 --> Attempt to read property "name" on null
in APPPATH\Controllers\MainController.php on line 35.
 1 APPPATH\Controllers\MainController.php(35): CodeIgniter\Debug\Exceptions->errorHandler(2, 'Attempt to read property "name" on null', 'C:\\laragon\\www\\Veronica_backend\\app\\Controllers\\MainController.php', 35)
 2 SYSTEMPATH\CodeIgniter.php(919): App\Controllers\MainController->save()
 3 SYSTEMPATH\CodeIgniter.php(494): CodeIgniter\CodeIgniter->runController(Object(App\Controllers\MainController))
 4 SYSTEMPATH\CodeIgniter.php(353): CodeIgniter\CodeIgniter->handleRequest(null, Object(Config\Cache), false)
 5 FCPATH\index.php(86): CodeIgniter\CodeIgniter->run()
CRITICAL - 2023-11-29 12:44:48 --> Attempt to read property "name" on null
in APPPATH\Controllers\MainController.php on line 35.
 1 APPPATH\Controllers\MainController.php(35): CodeIgniter\Debug\Exceptions->errorHandler(2, 'Attempt to read property "name" on null', 'C:\\laragon\\www\\Veronica_backend\\app\\Controllers\\MainController.php', 35)
 2 SYSTEMPATH\CodeIgniter.php(919): App\Controllers\MainController->save()
 3 SYSTEMPATH\CodeIgniter.php(494): CodeIgniter\CodeIgniter->runController(Object(App\Controllers\MainController))
 4 SYSTEMPATH\CodeIgniter.php(353): CodeIgniter\CodeIgniter->handleRequest(null, Object(Config\Cache), false)
 5 FCPATH\index.php(86): CodeIgniter\CodeIgniter->run()
CRITICAL - 2023-11-29 12:44:48 --> Attempt to read property "name" on null
in APPPATH\Controllers\MainController.php on line 35.
 1 APPPATH\Controllers\MainController.php(35): CodeIgniter\Debug\Exceptions->errorHandler(2, 'Attempt to read property "name" on null', 'C:\\laragon\\www\\Veronica_backend\\app\\Controllers\\MainController.php', 35)
 2 SYSTEMPATH\CodeIgniter.php(919): App\Controllers\MainController->save()
 3 SYSTEMPATH\CodeIgniter.php(494): CodeIgniter\CodeIgniter->runController(Object(App\Controllers\MainController))
 4 SYSTEMPATH\CodeIgniter.php(353): CodeIgniter\CodeIgniter->handleRequest(null, Object(Config\Cache), false)
 5 FCPATH\index.php(86): CodeIgniter\CodeIgniter->run()
CRITICAL - 2023-11-29 12:44:48 --> Attempt to read property "name" on null
in APPPATH\Controllers\MainController.php on line 35.
 1 APPPATH\Controllers\MainController.php(35): CodeIgniter\Debug\Exceptions->errorHandler(2, 'Attempt to read property "name" on null', 'C:\\laragon\\www\\Veronica_backend\\app\\Controllers\\MainController.php', 35)
 2 SYSTEMPATH\CodeIgniter.php(919): App\Controllers\MainController->save()
 3 SYSTEMPATH\CodeIgniter.php(494): CodeIgniter\CodeIgniter->runController(Object(App\Controllers\MainController))
 4 SYSTEMPATH\CodeIgniter.php(353): CodeIgniter\CodeIgniter->handleRequest(null, Object(Config\Cache), false)
 5 FCPATH\index.php(86): CodeIgniter\CodeIgniter->run()
CRITICAL - 2023-11-29 12:44:49 --> Attempt to read property "name" on null
in APPPATH\Controllers\MainController.php on line 35.
 1 APPPATH\Controllers\MainController.php(35): CodeIgniter\Debug\Exceptions->errorHandler(2, 'Attempt to read property "name" on null', 'C:\\laragon\\www\\Veronica_backend\\app\\Controllers\\MainController.php', 35)
 2 SYSTEMPATH\CodeIgniter.php(919): App\Controllers\MainController->save()
 3 SYSTEMPATH\CodeIgniter.php(494): CodeIgniter\CodeIgniter->runController(Object(App\Controllers\MainController))
 4 SYSTEMPATH\CodeIgniter.php(353): CodeIgniter\CodeIgniter->handleRequest(null, Object(Config\Cache), false)
 5 FCPATH\index.php(86): CodeIgniter\CodeIgniter->run()
CRITICAL - 2023-11-29 12:44:49 --> Attempt to read property "name" on null
in APPPATH\Controllers\MainController.php on line 35.
 1 APPPATH\Controllers\MainController.php(35): CodeIgniter\Debug\Exceptions->errorHandler(2, 'Attempt to read property "name" on null', 'C:\\laragon\\www\\Veronica_backend\\app\\Controllers\\MainController.php', 35)
 2 SYSTEMPATH\CodeIgniter.php(919): App\Controllers\MainController->save()
 3 SYSTEMPATH\CodeIgniter.php(494): CodeIgniter\CodeIgniter->runController(Object(App\Controllers\MainController))
 4 SYSTEMPATH\CodeIgniter.php(353): CodeIgniter\CodeIgniter->handleRequest(null, Object(Config\Cache), false)
 5 FCPATH\index.php(86): CodeIgniter\CodeIgniter->run()
CRITICAL - 2023-11-29 12:44:49 --> Attempt to read property "name" on null
in APPPATH\Controllers\MainController.php on line 35.
 1 APPPATH\Controllers\MainController.php(35): CodeIgniter\Debug\Exceptions->errorHandler(2, 'Attempt to read property "name" on null', 'C:\\laragon\\www\\Veronica_backend\\app\\Controllers\\MainController.php', 35)
 2 SYSTEMPATH\CodeIgniter.php(919): App\Controllers\MainController->save()
 3 SYSTEMPATH\CodeIgniter.php(494): CodeIgniter\CodeIgniter->runController(Object(App\Controllers\MainController))
 4 SYSTEMPATH\CodeIgniter.php(353): CodeIgniter\CodeIgniter->handleRequest(null, Object(Config\Cache), false)
 5 FCPATH\index.php(86): CodeIgniter\CodeIgniter->run()
CRITICAL - 2023-11-29 12:44:50 --> Attempt to read property "name" on null
in APPPATH\Controllers\MainController.php on line 35.
 1 APPPATH\Controllers\MainController.php(35): CodeIgniter\Debug\Exceptions->errorHandler(2, 'Attempt to read property "name" on null', 'C:\\laragon\\www\\Veronica_backend\\app\\Controllers\\MainController.php', 35)
 2 SYSTEMPATH\CodeIgniter.php(919): App\Controllers\MainController->save()
 3 SYSTEMPATH\CodeIgniter.php(494): CodeIgniter\CodeIgniter->runController(Object(App\Controllers\MainController))
 4 SYSTEMPATH\CodeIgniter.php(353): CodeIgniter\CodeIgniter->handleRequest(null, Object(Config\Cache), false)
 5 FCPATH\index.php(86): CodeIgniter\CodeIgniter->run()
CRITICAL - 2023-11-29 12:44:50 --> Attempt to read property "name" on null
in APPPATH\Controllers\MainController.php on line 35.
 1 APPPATH\Controllers\MainController.php(35): CodeIgniter\Debug\Exceptions->errorHandler(2, 'Attempt to read property "name" on null', 'C:\\laragon\\www\\Veronica_backend\\app\\Controllers\\MainController.php', 35)
 2 SYSTEMPATH\CodeIgniter.php(919): App\Controllers\MainController->save()
 3 SYSTEMPATH\CodeIgniter.php(494): CodeIgniter\CodeIgniter->runController(Object(App\Controllers\MainController))
 4 SYSTEMPATH\CodeIgniter.php(353): CodeIgniter\CodeIgniter->handleRequest(null, Object(Config\Cache), false)
 5 FCPATH\index.php(86): CodeIgniter\CodeIgniter->run()
CRITICAL - 2023-11-29 12:44:51 --> Attempt to read property "name" on null
in APPPATH\Controllers\MainController.php on line 35.
 1 APPPATH\Controllers\MainController.php(35): CodeIgniter\Debug\Exceptions->errorHandler(2, 'Attempt to read property "name" on null', 'C:\\laragon\\www\\Veronica_backend\\app\\Controllers\\MainController.php', 35)
 2 SYSTEMPATH\CodeIgniter.php(919): App\Controllers\MainController->save()
 3 SYSTEMPATH\CodeIgniter.php(494): CodeIgniter\CodeIgniter->runController(Object(App\Controllers\MainController))
 4 SYSTEMPATH\CodeIgniter.php(353): CodeIgniter\CodeIgniter->handleRequest(null, Object(Config\Cache), false)
 5 FCPATH\index.php(86): CodeIgniter\CodeIgniter->run()
CRITICAL - 2023-11-29 13:17:19 --> syntax error, unexpected token "public"
in APPPATH\Controllers\MainController.php on line 154.
 1 SYSTEMPATH\Autoloader\Autoloader.php(285): CodeIgniter\Autoloader\Autoloader->includeFile('C:\\laragon\\www\\Veronica_backend\\app\\Controllers\\MainController.php')
 2 SYSTEMPATH\Autoloader\Autoloader.php(263): CodeIgniter\Autoloader\Autoloader->loadInNamespace('App\\Controllers\\MainController')
 3 [internal function]: CodeIgniter\Autoloader\Autoloader->loadClass('App\\Controllers\\MainController')
 4 SYSTEMPATH\CodeIgniter.php(877): class_exists('\\App\\Controllers\\MainController', true)
 5 SYSTEMPATH\CodeIgniter.php(481): CodeIgniter\CodeIgniter->startController()
 6 SYSTEMPATH\CodeIgniter.php(353): CodeIgniter\CodeIgniter->handleRequest(null, Object(Config\Cache), false)
 7 FCPATH\index.php(86): CodeIgniter\CodeIgniter->run()
CRITICAL - 2023-11-29 13:18:25 --> syntax error, unexpected token "public"
in APPPATH\Controllers\MainController.php on line 154.
 1 SYSTEMPATH\Autoloader\Autoloader.php(285): CodeIgniter\Autoloader\Autoloader->includeFile('C:\\laragon\\www\\Veronica_backend\\app\\Controllers\\MainController.php')
 2 SYSTEMPATH\Autoloader\Autoloader.php(263): CodeIgniter\Autoloader\Autoloader->loadInNamespace('App\\Controllers\\MainController')
 3 [internal function]: CodeIgniter\Autoloader\Autoloader->loadClass('App\\Controllers\\MainController')
 4 SYSTEMPATH\CodeIgniter.php(877): class_exists('\\App\\Controllers\\MainController', true)
 5 SYSTEMPATH\CodeIgniter.php(481): CodeIgniter\CodeIgniter->startController()
 6 SYSTEMPATH\CodeIgniter.php(353): CodeIgniter\CodeIgniter->handleRequest(null, Object(Config\Cache), false)
 7 FCPATH\index.php(86): CodeIgniter\CodeIgniter->run()
CRITICAL - 2023-11-29 13:22:07 --> syntax error, unexpected token "public"
in APPPATH\Controllers\MainController.php on line 154.
 1 SYSTEMPATH\Autoloader\Autoloader.php(285): CodeIgniter\Autoloader\Autoloader->includeFile('C:\\laragon\\www\\Veronica_backend\\app\\Controllers\\MainController.php')
 2 SYSTEMPATH\Autoloader\Autoloader.php(263): CodeIgniter\Autoloader\Autoloader->loadInNamespace('App\\Controllers\\MainController')
 3 [internal function]: CodeIgniter\Autoloader\Autoloader->loadClass('App\\Controllers\\MainController')
 4 SYSTEMPATH\CodeIgniter.php(877): class_exists('\\App\\Controllers\\MainController', true)
 5 SYSTEMPATH\CodeIgniter.php(481): CodeIgniter\CodeIgniter->startController()
 6 SYSTEMPATH\CodeIgniter.php(353): CodeIgniter\CodeIgniter->handleRequest(null, Object(Config\Cache), false)
 7 FCPATH\index.php(86): CodeIgniter\CodeIgniter->run()
CRITICAL - 2023-11-29 13:30:43 --> syntax error, unexpected token "public"
in APPPATH\Controllers\MainController.php on line 154.
 1 SYSTEMPATH\Autoloader\Autoloader.php(285): CodeIgniter\Autoloader\Autoloader->includeFile('C:\\laragon\\www\\Veronica_backend\\app\\Controllers\\MainController.php')
 2 SYSTEMPATH\Autoloader\Autoloader.php(263): CodeIgniter\Autoloader\Autoloader->loadInNamespace('App\\Controllers\\MainController')
 3 [internal function]: CodeIgniter\Autoloader\Autoloader->loadClass('App\\Controllers\\MainController')
 4 SYSTEMPATH\CodeIgniter.php(877): class_exists('\\App\\Controllers\\MainController', true)
 5 SYSTEMPATH\CodeIgniter.php(481): CodeIgniter\CodeIgniter->startController()
 6 SYSTEMPATH\CodeIgniter.php(353): CodeIgniter\CodeIgniter->handleRequest(null, Object(Config\Cache), false)
 7 FCPATH\index.php(86): CodeIgniter\CodeIgniter->run()
CRITICAL - 2023-11-29 13:33:22 --> syntax error, unexpected token "public"
in APPPATH\Controllers\MainController.php on line 154.
 1 SYSTEMPATH\Autoloader\Autoloader.php(285): CodeIgniter\Autoloader\Autoloader->includeFile('C:\\laragon\\www\\Veronica_backend\\app\\Controllers\\MainController.php')
 2 SYSTEMPATH\Autoloader\Autoloader.php(263): CodeIgniter\Autoloader\Autoloader->loadInNamespace('App\\Controllers\\MainController')
 3 [internal function]: CodeIgniter\Autoloader\Autoloader->loadClass('App\\Controllers\\MainController')
 4 SYSTEMPATH\CodeIgniter.php(877): class_exists('\\App\\Controllers\\MainController', true)
 5 SYSTEMPATH\CodeIgniter.php(481): CodeIgniter\CodeIgniter->startController()
 6 SYSTEMPATH\CodeIgniter.php(353): CodeIgniter\CodeIgniter->handleRequest(null, Object(Config\Cache), false)
 7 FCPATH\index.php(86): CodeIgniter\CodeIgniter->run()
