CRITICAL - 2023-11-23 15:32:12 --> Class "App\Controllers\ProductModel" not found
in APPPATH\Controllers\MainController.php on line 142.
 1 SYSTEMPATH\CodeIgniter.php(919): App\Controllers\MainController->getInventory()
 2 SYSTEMPATH\CodeIgniter.php(494): CodeIgniter\CodeIgniter->runController(Object(App\Controllers\MainController))
 3 SYSTEMPATH\CodeIgniter.php(353): CodeIgniter\CodeIgniter->handleRequest(null, Object(Config\Cache), false)
 4 FCPATH\index.php(86): CodeIgniter\CodeIgniter->run()
CRITICAL - 2023-11-23 15:32:16 --> Class "App\Controllers\ProductModel" not found
in APPPATH\Controllers\MainController.php on line 142.
 1 SYSTEMPATH\CodeIgniter.php(919): App\Controllers\MainController->getInventory()
 2 SYSTEMPATH\CodeIgniter.php(494): CodeIgniter\CodeIgniter->runController(Object(App\Controllers\MainController))
 3 SYSTEMPATH\CodeIgniter.php(353): CodeIgniter\CodeIgniter->handleRequest(null, Object(Config\Cache), false)
 4 FCPATH\index.php(86): CodeIgniter\CodeIgniter->run()
CRITICAL - 2023-11-23 15:32:35 --> Class "App\Controllers\ProductModel" not found
in APPPATH\Controllers\MainController.php on line 142.
 1 SYSTEMPATH\CodeIgniter.php(919): App\Controllers\MainController->getInventory()
 2 SYSTEMPATH\CodeIgniter.php(494): CodeIgniter\CodeIgniter->runController(Object(App\Controllers\MainController))
 3 SYSTEMPATH\CodeIgniter.php(353): CodeIgniter\CodeIgniter->handleRequest(null, Object(Config\Cache), false)
 4 FCPATH\index.php(86): CodeIgniter\CodeIgniter->run()
CRITICAL - 2023-11-23 15:37:00 --> Class "App\Controllers\ProductModel" not found
in APPPATH\Controllers\MainController.php on line 142.
 1 SYSTEMPATH\CodeIgniter.php(919): App\Controllers\MainController->getInventory()
 2 SYSTEMPATH\CodeIgniter.php(494): CodeIgniter\CodeIgniter->runController(Object(App\Controllers\MainController))
 3 SYSTEMPATH\CodeIgniter.php(353): CodeIgniter\CodeIgniter->handleRequest(null, Object(Config\Cache), false)
 4 FCPATH\index.php(86): CodeIgniter\CodeIgniter->run()
CRITICAL - 2023-11-23 15:37:13 --> Class "App\Controllers\ProductModel" not found
in APPPATH\Controllers\MainController.php on line 142.
 1 SYSTEMPATH\CodeIgniter.php(919): App\Controllers\MainController->getInventory()
 2 SYSTEMPATH\CodeIgniter.php(494): CodeIgniter\CodeIgniter->runController(Object(App\Controllers\MainController))
 3 SYSTEMPATH\CodeIgniter.php(353): CodeIgniter\CodeIgniter->handleRequest(null, Object(Config\Cache), false)
 4 FCPATH\index.php(86): CodeIgniter\CodeIgniter->run()
CRITICAL - 2023-11-23 15:40:00 --> Class "App\Controllers\ProductModel" not found
in APPPATH\Controllers\MainController.php on line 142.
 1 SYSTEMPATH\CodeIgniter.php(919): App\Controllers\MainController->getInventory()
 2 SYSTEMPATH\CodeIgniter.php(494): CodeIgniter\CodeIgniter->runController(Object(App\Controllers\MainController))
 3 SYSTEMPATH\CodeIgniter.php(353): CodeIgniter\CodeIgniter->handleRequest(null, Object(Config\Cache), false)
 4 FCPATH\index.php(86): CodeIgniter\CodeIgniter->run()
CRITICAL - 2023-11-23 15:43:16 --> Class "App\Controllers\CategoryModel" not found
in APPPATH\Controllers\MainController.php on line 160.
 1 SYSTEMPATH\CodeIgniter.php(919): App\Controllers\MainController->getCategory()
 2 SYSTEMPATH\CodeIgniter.php(494): CodeIgniter\CodeIgniter->runController(Object(App\Controllers\MainController))
 3 SYSTEMPATH\CodeIgniter.php(353): CodeIgniter\CodeIgniter->handleRequest(null, Object(Config\Cache), false)
 4 FCPATH\index.php(86): CodeIgniter\CodeIgniter->run()
CRITICAL - 2023-11-23 15:43:21 --> Class "App\Controllers\ProductModel" not found
in APPPATH\Controllers\MainController.php on line 142.
 1 SYSTEMPATH\CodeIgniter.php(919): App\Controllers\MainController->getInventory()
 2 SYSTEMPATH\CodeIgniter.php(494): CodeIgniter\CodeIgniter->runController(Object(App\Controllers\MainController))
 3 SYSTEMPATH\CodeIgniter.php(353): CodeIgniter\CodeIgniter->handleRequest(null, Object(Config\Cache), false)
 4 FCPATH\index.php(86): CodeIgniter\CodeIgniter->run()
CRITICAL - 2023-11-23 15:43:21 --> Class "App\Controllers\CategoryModel" not found
in APPPATH\Controllers\MainController.php on line 160.
 1 SYSTEMPATH\CodeIgniter.php(919): App\Controllers\MainController->getCategory()
 2 SYSTEMPATH\CodeIgniter.php(494): CodeIgniter\CodeIgniter->runController(Object(App\Controllers\MainController))
 3 SYSTEMPATH\CodeIgniter.php(353): CodeIgniter\CodeIgniter->handleRequest(null, Object(Config\Cache), false)
 4 FCPATH\index.php(86): CodeIgniter\CodeIgniter->run()
CRITICAL - 2023-11-23 15:47:49 --> Class "App\Controllers\ProductModel" not found
in APPPATH\Controllers\MainController.php on line 142.
 1 SYSTEMPATH\CodeIgniter.php(919): App\Controllers\MainController->getInventory()
 2 SYSTEMPATH\CodeIgniter.php(494): CodeIgniter\CodeIgniter->runController(Object(App\Controllers\MainController))
 3 SYSTEMPATH\CodeIgniter.php(353): CodeIgniter\CodeIgniter->handleRequest(null, Object(Config\Cache), false)
 4 FCPATH\index.php(86): CodeIgniter\CodeIgniter->run()
CRITICAL - 2023-11-23 15:47:49 --> Class "App\Controllers\CategoryModel" not found
in APPPATH\Controllers\MainController.php on line 160.
 1 SYSTEMPATH\CodeIgniter.php(919): App\Controllers\MainController->getCategory()
 2 SYSTEMPATH\CodeIgniter.php(494): CodeIgniter\CodeIgniter->runController(Object(App\Controllers\MainController))
 3 SYSTEMPATH\CodeIgniter.php(353): CodeIgniter\CodeIgniter->handleRequest(null, Object(Config\Cache), false)
 4 FCPATH\index.php(86): CodeIgniter\CodeIgniter->run()
CRITICAL - 2023-11-23 15:48:31 --> Class "App\Controllers\CategoryModel" not found
in APPPATH\Controllers\MainController.php on line 160.
 1 SYSTEMPATH\CodeIgniter.php(919): App\Controllers\MainController->getCategory()
 2 SYSTEMPATH\CodeIgniter.php(494): CodeIgniter\CodeIgniter->runController(Object(App\Controllers\MainController))
 3 SYSTEMPATH\CodeIgniter.php(353): CodeIgniter\CodeIgniter->handleRequest(null, Object(Config\Cache), false)
 4 FCPATH\index.php(86): CodeIgniter\CodeIgniter->run()
 5 SYSTEMPATH\Commands\Server\rewrite.php(47): require_once('C:\\laragon\\www\\Veronica_backend\\public\\index.php')
CRITICAL - 2023-11-23 15:50:04 --> Class "App\Models\CategoryModel" not found
in APPPATH\Controllers\MainController.php on line 162.
 1 SYSTEMPATH\CodeIgniter.php(919): App\Controllers\MainController->getCategory()
 2 SYSTEMPATH\CodeIgniter.php(494): CodeIgniter\CodeIgniter->runController(Object(App\Controllers\MainController))
 3 SYSTEMPATH\CodeIgniter.php(353): CodeIgniter\CodeIgniter->handleRequest(null, Object(Config\Cache), false)
 4 FCPATH\index.php(86): CodeIgniter\CodeIgniter->run()
 5 SYSTEMPATH\Commands\Server\rewrite.php(47): require_once('C:\\laragon\\www\\Veronica_backend\\public\\index.php')
CRITICAL - 2023-11-23 15:50:06 --> Class "App\Models\CategoryModel" not found
in APPPATH\Controllers\MainController.php on line 162.
 1 SYSTEMPATH\CodeIgniter.php(919): App\Controllers\MainController->getCategory()
 2 SYSTEMPATH\CodeIgniter.php(494): CodeIgniter\CodeIgniter->runController(Object(App\Controllers\MainController))
 3 SYSTEMPATH\CodeIgniter.php(353): CodeIgniter\CodeIgniter->handleRequest(null, Object(Config\Cache), false)
 4 FCPATH\index.php(86): CodeIgniter\CodeIgniter->run()
 5 SYSTEMPATH\Commands\Server\rewrite.php(47): require_once('C:\\laragon\\www\\Veronica_backend\\public\\index.php')
CRITICAL - 2023-11-23 15:50:06 --> Class "App\Models\CategoryModel" not found
in APPPATH\Controllers\MainController.php on line 162.
 1 SYSTEMPATH\CodeIgniter.php(919): App\Controllers\MainController->getCategory()
 2 SYSTEMPATH\CodeIgniter.php(494): CodeIgniter\CodeIgniter->runController(Object(App\Controllers\MainController))
 3 SYSTEMPATH\CodeIgniter.php(353): CodeIgniter\CodeIgniter->handleRequest(null, Object(Config\Cache), false)
 4 FCPATH\index.php(86): CodeIgniter\CodeIgniter->run()
 5 SYSTEMPATH\Commands\Server\rewrite.php(47): require_once('C:\\laragon\\www\\Veronica_backend\\public\\index.php')
CRITICAL - 2023-11-23 15:50:07 --> Class "App\Models\CategoryModel" not found
in APPPATH\Controllers\MainController.php on line 162.
 1 SYSTEMPATH\CodeIgniter.php(919): App\Controllers\MainController->getCategory()
 2 SYSTEMPATH\CodeIgniter.php(494): CodeIgniter\CodeIgniter->runController(Object(App\Controllers\MainController))
 3 SYSTEMPATH\CodeIgniter.php(353): CodeIgniter\CodeIgniter->handleRequest(null, Object(Config\Cache), false)
 4 FCPATH\index.php(86): CodeIgniter\CodeIgniter->run()
 5 SYSTEMPATH\Commands\Server\rewrite.php(47): require_once('C:\\laragon\\www\\Veronica_backend\\public\\index.php')
CRITICAL - 2023-11-23 15:50:14 --> Class "App\Models\CategoryModel" not found
in APPPATH\Controllers\MainController.php on line 162.
 1 SYSTEMPATH\CodeIgniter.php(919): App\Controllers\MainController->getCategory()
 2 SYSTEMPATH\CodeIgniter.php(494): CodeIgniter\CodeIgniter->runController(Object(App\Controllers\MainController))
 3 SYSTEMPATH\CodeIgniter.php(353): CodeIgniter\CodeIgniter->handleRequest(null, Object(Config\Cache), false)
 4 FCPATH\index.php(86): CodeIgniter\CodeIgniter->run()
 5 SYSTEMPATH\Commands\Server\rewrite.php(47): require_once('C:\\laragon\\www\\Veronica_backend\\public\\index.php')
CRITICAL - 2023-11-23 15:50:15 --> Class "App\Models\CategoryModel" not found
in APPPATH\Controllers\MainController.php on line 162.
 1 SYSTEMPATH\CodeIgniter.php(919): App\Controllers\MainController->getCategory()
 2 SYSTEMPATH\CodeIgniter.php(494): CodeIgniter\CodeIgniter->runController(Object(App\Controllers\MainController))
 3 SYSTEMPATH\CodeIgniter.php(353): CodeIgniter\CodeIgniter->handleRequest(null, Object(Config\Cache), false)
 4 FCPATH\index.php(86): CodeIgniter\CodeIgniter->run()
 5 SYSTEMPATH\Commands\Server\rewrite.php(47): require_once('C:\\laragon\\www\\Veronica_backend\\public\\index.php')
CRITICAL - 2023-11-23 15:50:15 --> Class "App\Models\CategoryModel" not found
in APPPATH\Controllers\MainController.php on line 162.
 1 SYSTEMPATH\CodeIgniter.php(919): App\Controllers\MainController->getCategory()
 2 SYSTEMPATH\CodeIgniter.php(494): CodeIgniter\CodeIgniter->runController(Object(App\Controllers\MainController))
 3 SYSTEMPATH\CodeIgniter.php(353): CodeIgniter\CodeIgniter->handleRequest(null, Object(Config\Cache), false)
 4 FCPATH\index.php(86): CodeIgniter\CodeIgniter->run()
 5 SYSTEMPATH\Commands\Server\rewrite.php(47): require_once('C:\\laragon\\www\\Veronica_backend\\public\\index.php')
CRITICAL - 2023-11-23 15:50:15 --> Class "App\Models\CategoryModel" not found
in APPPATH\Controllers\MainController.php on line 162.
 1 SYSTEMPATH\CodeIgniter.php(919): App\Controllers\MainController->getCategory()
 2 SYSTEMPATH\CodeIgniter.php(494): CodeIgniter\CodeIgniter->runController(Object(App\Controllers\MainController))
 3 SYSTEMPATH\CodeIgniter.php(353): CodeIgniter\CodeIgniter->handleRequest(null, Object(Config\Cache), false)
 4 FCPATH\index.php(86): CodeIgniter\CodeIgniter->run()
 5 SYSTEMPATH\Commands\Server\rewrite.php(47): require_once('C:\\laragon\\www\\Veronica_backend\\public\\index.php')
CRITICAL - 2023-11-23 15:51:31 --> Class "App\Controllers\ProductModel" not found
in APPPATH\Controllers\MainController.php on line 144.
 1 SYSTEMPATH\CodeIgniter.php(919): App\Controllers\MainController->getInventory()
 2 SYSTEMPATH\CodeIgniter.php(494): CodeIgniter\CodeIgniter->runController(Object(App\Controllers\MainController))
 3 SYSTEMPATH\CodeIgniter.php(353): CodeIgniter\CodeIgniter->handleRequest(null, Object(Config\Cache), false)
 4 FCPATH\index.php(86): CodeIgniter\CodeIgniter->run()
CRITICAL - 2023-11-23 15:53:23 --> Class "App\Controllers\ProductModel" not found
in APPPATH\Controllers\MainController.php on line 132.
 1 SYSTEMPATH\CodeIgniter.php(919): App\Controllers\MainController->inventorySave()
 2 SYSTEMPATH\CodeIgniter.php(494): CodeIgniter\CodeIgniter->runController(Object(App\Controllers\MainController))
 3 SYSTEMPATH\CodeIgniter.php(353): CodeIgniter\CodeIgniter->handleRequest(null, Object(Config\Cache), false)
 4 FCPATH\index.php(86): CodeIgniter\CodeIgniter->run()
CRITICAL - 2023-11-23 15:53:30 --> Class "App\Controllers\ProductModel" not found
in APPPATH\Controllers\MainController.php on line 132.
 1 SYSTEMPATH\CodeIgniter.php(919): App\Controllers\MainController->inventorySave()
 2 SYSTEMPATH\CodeIgniter.php(494): CodeIgniter\CodeIgniter->runController(Object(App\Controllers\MainController))
 3 SYSTEMPATH\CodeIgniter.php(353): CodeIgniter\CodeIgniter->handleRequest(null, Object(Config\Cache), false)
 4 FCPATH\index.php(86): CodeIgniter\CodeIgniter->run()
CRITICAL - 2023-11-23 16:02:59 --> Class "App\Controllers\ProductModel" not found
in APPPATH\Controllers\MainController.php on line 144.
 1 SYSTEMPATH\CodeIgniter.php(919): App\Controllers\MainController->getInventory()
 2 SYSTEMPATH\CodeIgniter.php(494): CodeIgniter\CodeIgniter->runController(Object(App\Controllers\MainController))
 3 SYSTEMPATH\CodeIgniter.php(353): CodeIgniter\CodeIgniter->handleRequest(null, Object(Config\Cache), false)
 4 FCPATH\index.php(86): CodeIgniter\CodeIgniter->run()
CRITICAL - 2023-11-23 16:03:22 --> Class "App\Controllers\ProductModel" not found
in APPPATH\Controllers\MainController.php on line 132.
 1 SYSTEMPATH\CodeIgniter.php(919): App\Controllers\MainController->inventorySave()
 2 SYSTEMPATH\CodeIgniter.php(494): CodeIgniter\CodeIgniter->runController(Object(App\Controllers\MainController))
 3 SYSTEMPATH\CodeIgniter.php(353): CodeIgniter\CodeIgniter->handleRequest(null, Object(Config\Cache), false)
 4 FCPATH\index.php(86): CodeIgniter\CodeIgniter->run()
ERROR - 2023-11-23 16:21:30 --> mysqli_sql_exception: Duplicate entry '0' for key 'product.PRIMARY' in C:\laragon\www\Veronica_backend\system\Database\MySQLi\Connection.php:306
Stack trace:
#0 C:\laragon\www\Veronica_backend\system\Database\MySQLi\Connection.php(306): mysqli->query('INSERT INTO `pr...', 0)
#1 C:\laragon\www\Veronica_backend\system\Database\BaseConnection.php(692): CodeIgniter\Database\MySQLi\Connection->execute('INSERT INTO `pr...')
#2 C:\laragon\www\Veronica_backend\system\Database\BaseConnection.php(606): CodeIgniter\Database\BaseConnection->simpleQuery('INSERT INTO `pr...')
#3 C:\laragon\www\Veronica_backend\system\Database\BaseBuilder.php(2308): CodeIgniter\Database\BaseConnection->query('INSERT INTO `pr...', Array, false)
#4 C:\laragon\www\Veronica_backend\system\Model.php(319): CodeIgniter\Database\BaseBuilder->insert()
#5 C:\laragon\www\Veronica_backend\system\BaseModel.php(788): CodeIgniter\Model->doInsert(Array)
#6 C:\laragon\www\Veronica_backend\system\Model.php(715): CodeIgniter\BaseModel->insert(Array, false)
#7 C:\laragon\www\Veronica_backend\system\BaseModel.php(698): CodeIgniter\Model->insert(Array, false)
#8 C:\laragon\www\Veronica_backend\app\Controllers\MainController.php(134): CodeIgniter\BaseModel->save(Array)
#9 C:\laragon\www\Veronica_backend\system\CodeIgniter.php(919): App\Controllers\MainController->inventorySave()
#10 C:\laragon\www\Veronica_backend\system\CodeIgniter.php(494): CodeIgniter\CodeIgniter->runController(Object(App\Controllers\MainController))
#11 C:\laragon\www\Veronica_backend\system\CodeIgniter.php(353): CodeIgniter\CodeIgniter->handleRequest(NULL, Object(Config\Cache), false)
#12 C:\laragon\www\Veronica_backend\public\index.php(86): CodeIgniter\CodeIgniter->run()
#13 {main}
CRITICAL - 2023-11-23 16:21:30 --> Duplicate entry '0' for key 'product.PRIMARY'
in SYSTEMPATH\Database\BaseConnection.php on line 646.
 1 SYSTEMPATH\Database\BaseBuilder.php(2308): CodeIgniter\Database\BaseConnection->query('INSERT INTO `product` (`product_name`, `category_id`, `price`, `quantity`, `status`) VALUES (:product_name:, :category_id:, :price:, :quantity:, :status:)', [...], false)
 2 SYSTEMPATH\Model.php(319): CodeIgniter\Database\BaseBuilder->insert()
 3 SYSTEMPATH\BaseModel.php(788): CodeIgniter\Model->doInsert([...])
 4 SYSTEMPATH\Model.php(715): CodeIgniter\BaseModel->insert([...], false)
 5 SYSTEMPATH\BaseModel.php(698): CodeIgniter\Model->insert([...], false)
 6 APPPATH\Controllers\MainController.php(134): CodeIgniter\BaseModel->save([...])
 7 SYSTEMPATH\CodeIgniter.php(919): App\Controllers\MainController->inventorySave()
 8 SYSTEMPATH\CodeIgniter.php(494): CodeIgniter\CodeIgniter->runController(Object(App\Controllers\MainController))
 9 SYSTEMPATH\CodeIgniter.php(353): CodeIgniter\CodeIgniter->handleRequest(null, Object(Config\Cache), false)
10 FCPATH\index.php(86): CodeIgniter\CodeIgniter->run()
