ERROR - 2023-11-13 02:44:49 --> Error connecting to the database: mysqli_sql_exception: Access denied for user ''@'localhost' (using password: YES) in C:\laragon\www\Veronica_backend\system\Database\MySQLi\Connection.php:185
Stack trace:
#0 C:\laragon\www\Veronica_backend\system\Database\MySQLi\Connection.php(185): mysqli->real_connect('localhost', '', '', '', 3306, '', 0)
#1 C:\laragon\www\Veronica_backend\system\Database\BaseConnection.php(391): CodeIgniter\Database\MySQLi\Connection->connect(false)
#2 C:\laragon\www\Veronica_backend\system\Database\BaseConnection.php(574): CodeIgniter\Database\BaseConnection->initialize()
#3 C:\laragon\www\Veronica_backend\system\Database\BaseBuilder.php(1615): CodeIgniter\Database\BaseConnection->query('SELECT *\nFROM `...', Array, false)
#4 C:\laragon\www\Veronica_backend\system\Model.php(237): CodeIgniter\Database\BaseBuilder->get()
#5 C:\laragon\www\Veronica_backend\system\BaseModel.php(624): CodeIgniter\Model->doFindAll(0, 0)
#6 C:\laragon\www\Veronica_backend\app\Controllers\MainController.php(20): CodeIgniter\BaseModel->findAll()
#7 C:\laragon\www\Veronica_backend\system\CodeIgniter.php(919): App\Controllers\MainController->getData()
#8 C:\laragon\www\Veronica_backend\system\CodeIgniter.php(494): CodeIgniter\CodeIgniter->runController(Object(App\Controllers\MainController))
#9 C:\laragon\www\Veronica_backend\system\CodeIgniter.php(353): CodeIgniter\CodeIgniter->handleRequest(NULL, Object(Config\Cache), false)
#10 C:\laragon\www\Veronica_backend\public\index.php(86): CodeIgniter\CodeIgniter->run()
#11 {main}

Next CodeIgniter\Database\Exceptions\DatabaseException: Access denied for user ''@'localhost' (using password: YES) in C:\laragon\www\Veronica_backend\system\Database\MySQLi\Connection.php:229
Stack trace:
#0 C:\laragon\www\Veronica_backend\system\Database\BaseConnection.php(391): CodeIgniter\Database\MySQLi\Connection->connect(false)
#1 C:\laragon\www\Veronica_backend\system\Database\BaseConnection.php(574): CodeIgniter\Database\BaseConnection->initialize()
#2 C:\laragon\www\Veronica_backend\system\Database\BaseBuilder.php(1615): CodeIgniter\Database\BaseConnection->query('SELECT *\nFROM `...', Array, false)
#3 C:\laragon\www\Veronica_backend\system\Model.php(237): CodeIgniter\Database\BaseBuilder->get()
#4 C:\laragon\www\Veronica_backend\system\BaseModel.php(624): CodeIgniter\Model->doFindAll(0, 0)
#5 C:\laragon\www\Veronica_backend\app\Controllers\MainController.php(20): CodeIgniter\BaseModel->findAll()
#6 C:\laragon\www\Veronica_backend\system\CodeIgniter.php(919): App\Controllers\MainController->getData()
#7 C:\laragon\www\Veronica_backend\system\CodeIgniter.php(494): CodeIgniter\CodeIgniter->runController(Object(App\Controllers\MainController))
#8 C:\laragon\www\Veronica_backend\system\CodeIgniter.php(353): CodeIgniter\CodeIgniter->handleRequest(NULL, Object(Config\Cache), false)
#9 C:\laragon\www\Veronica_backend\public\index.php(86): CodeIgniter\CodeIgniter->run()
#10 {main}
CRITICAL - 2023-11-13 02:44:49 --> Unable to connect to the database.
Main connection [MySQLi]: Access denied for user ''@'localhost' (using password: YES)
in SYSTEMPATH\Database\BaseConnection.php on line 427.
 1 SYSTEMPATH\Database\BaseConnection.php(574): CodeIgniter\Database\BaseConnection->initialize()
 2 SYSTEMPATH\Database\BaseBuilder.php(1615): CodeIgniter\Database\BaseConnection->query('SELECT *
FROM `mains`', [], false)
 3 SYSTEMPATH\Model.php(237): CodeIgniter\Database\BaseBuilder->get()
 4 SYSTEMPATH\BaseModel.php(624): CodeIgniter\Model->doFindAll(0, 0)
 5 APPPATH\Controllers\MainController.php(20): CodeIgniter\BaseModel->findAll()
 6 SYSTEMPATH\CodeIgniter.php(919): App\Controllers\MainController->getData()
 7 SYSTEMPATH\CodeIgniter.php(494): CodeIgniter\CodeIgniter->runController(Object(App\Controllers\MainController))
 8 SYSTEMPATH\CodeIgniter.php(353): CodeIgniter\CodeIgniter->handleRequest(null, Object(Config\Cache), false)
 9 FCPATH\index.php(86): CodeIgniter\CodeIgniter->run()
ERROR - 2023-11-13 02:48:06 --> Error connecting to the database: mysqli_sql_exception: Access denied for user ''@'localhost' (using password: YES) in C:\laragon\www\Veronica_backend\system\Database\MySQLi\Connection.php:185
Stack trace:
#0 C:\laragon\www\Veronica_backend\system\Database\MySQLi\Connection.php(185): mysqli->real_connect('localhost', '', '', '', 3306, '', 0)
#1 C:\laragon\www\Veronica_backend\system\Database\BaseConnection.php(391): CodeIgniter\Database\MySQLi\Connection->connect(false)
#2 C:\laragon\www\Veronica_backend\system\Database\BaseConnection.php(574): CodeIgniter\Database\BaseConnection->initialize()
#3 C:\laragon\www\Veronica_backend\system\Database\BaseBuilder.php(1615): CodeIgniter\Database\BaseConnection->query('SELECT *\nFROM `...', Array, false)
#4 C:\laragon\www\Veronica_backend\system\Model.php(237): CodeIgniter\Database\BaseBuilder->get()
#5 C:\laragon\www\Veronica_backend\system\BaseModel.php(624): CodeIgniter\Model->doFindAll(0, 0)
#6 C:\laragon\www\Veronica_backend\app\Controllers\MainController.php(20): CodeIgniter\BaseModel->findAll()
#7 C:\laragon\www\Veronica_backend\system\CodeIgniter.php(919): App\Controllers\MainController->getData()
#8 C:\laragon\www\Veronica_backend\system\CodeIgniter.php(494): CodeIgniter\CodeIgniter->runController(Object(App\Controllers\MainController))
#9 C:\laragon\www\Veronica_backend\system\CodeIgniter.php(353): CodeIgniter\CodeIgniter->handleRequest(NULL, Object(Config\Cache), false)
#10 C:\laragon\www\Veronica_backend\public\index.php(86): CodeIgniter\CodeIgniter->run()
#11 {main}

Next CodeIgniter\Database\Exceptions\DatabaseException: Access denied for user ''@'localhost' (using password: YES) in C:\laragon\www\Veronica_backend\system\Database\MySQLi\Connection.php:229
Stack trace:
#0 C:\laragon\www\Veronica_backend\system\Database\BaseConnection.php(391): CodeIgniter\Database\MySQLi\Connection->connect(false)
#1 C:\laragon\www\Veronica_backend\system\Database\BaseConnection.php(574): CodeIgniter\Database\BaseConnection->initialize()
#2 C:\laragon\www\Veronica_backend\system\Database\BaseBuilder.php(1615): CodeIgniter\Database\BaseConnection->query('SELECT *\nFROM `...', Array, false)
#3 C:\laragon\www\Veronica_backend\system\Model.php(237): CodeIgniter\Database\BaseBuilder->get()
#4 C:\laragon\www\Veronica_backend\system\BaseModel.php(624): CodeIgniter\Model->doFindAll(0, 0)
#5 C:\laragon\www\Veronica_backend\app\Controllers\MainController.php(20): CodeIgniter\BaseModel->findAll()
#6 C:\laragon\www\Veronica_backend\system\CodeIgniter.php(919): App\Controllers\MainController->getData()
#7 C:\laragon\www\Veronica_backend\system\CodeIgniter.php(494): CodeIgniter\CodeIgniter->runController(Object(App\Controllers\MainController))
#8 C:\laragon\www\Veronica_backend\system\CodeIgniter.php(353): CodeIgniter\CodeIgniter->handleRequest(NULL, Object(Config\Cache), false)
#9 C:\laragon\www\Veronica_backend\public\index.php(86): CodeIgniter\CodeIgniter->run()
#10 {main}
CRITICAL - 2023-11-13 02:48:06 --> Unable to connect to the database.
Main connection [MySQLi]: Access denied for user ''@'localhost' (using password: YES)
in SYSTEMPATH\Database\BaseConnection.php on line 427.
 1 SYSTEMPATH\Database\BaseConnection.php(574): CodeIgniter\Database\BaseConnection->initialize()
 2 SYSTEMPATH\Database\BaseBuilder.php(1615): CodeIgniter\Database\BaseConnection->query('SELECT *
FROM `rooms`', [], false)
 3 SYSTEMPATH\Model.php(237): CodeIgniter\Database\BaseBuilder->get()
 4 SYSTEMPATH\BaseModel.php(624): CodeIgniter\Model->doFindAll(0, 0)
 5 APPPATH\Controllers\MainController.php(20): CodeIgniter\BaseModel->findAll()
 6 SYSTEMPATH\CodeIgniter.php(919): App\Controllers\MainController->getData()
 7 SYSTEMPATH\CodeIgniter.php(494): CodeIgniter\CodeIgniter->runController(Object(App\Controllers\MainController))
 8 SYSTEMPATH\CodeIgniter.php(353): CodeIgniter\CodeIgniter->handleRequest(null, Object(Config\Cache), false)
 9 FCPATH\index.php(86): CodeIgniter\CodeIgniter->run()
CRITICAL - 2023-11-13 07:27:18 --> Call to a member function isValid() on null
in APPPATH\Controllers\MainController.php on line 32.
 1 SYSTEMPATH\CodeIgniter.php(919): App\Controllers\MainController->save()
 2 SYSTEMPATH\CodeIgniter.php(494): CodeIgniter\CodeIgniter->runController(Object(App\Controllers\MainController))
 3 SYSTEMPATH\CodeIgniter.php(353): CodeIgniter\CodeIgniter->handleRequest(null, Object(Config\Cache), false)
 4 FCPATH\index.php(86): CodeIgniter\CodeIgniter->run()
CRITICAL - 2023-11-13 07:27:45 --> Call to a member function isValid() on null
in APPPATH\Controllers\MainController.php on line 32.
 1 SYSTEMPATH\CodeIgniter.php(919): App\Controllers\MainController->save()
 2 SYSTEMPATH\CodeIgniter.php(494): CodeIgniter\CodeIgniter->runController(Object(App\Controllers\MainController))
 3 SYSTEMPATH\CodeIgniter.php(353): CodeIgniter\CodeIgniter->handleRequest(null, Object(Config\Cache), false)
 4 FCPATH\index.php(86): CodeIgniter\CodeIgniter->run()
CRITICAL - 2023-11-13 07:31:28 --> Call to a member function isValid() on null
in APPPATH\Controllers\MainController.php on line 32.
 1 SYSTEMPATH\CodeIgniter.php(919): App\Controllers\MainController->save()
 2 SYSTEMPATH\CodeIgniter.php(494): CodeIgniter\CodeIgniter->runController(Object(App\Controllers\MainController))
 3 SYSTEMPATH\CodeIgniter.php(353): CodeIgniter\CodeIgniter->handleRequest(null, Object(Config\Cache), false)
 4 FCPATH\index.php(86): CodeIgniter\CodeIgniter->run()
CRITICAL - 2023-11-13 07:59:18 --> Call to a member function isValid() on null
in APPPATH\Controllers\MainController.php on line 32.
 1 SYSTEMPATH\CodeIgniter.php(919): App\Controllers\MainController->save()
 2 SYSTEMPATH\CodeIgniter.php(494): CodeIgniter\CodeIgniter->runController(Object(App\Controllers\MainController))
 3 SYSTEMPATH\CodeIgniter.php(353): CodeIgniter\CodeIgniter->handleRequest(null, Object(Config\Cache), false)
 4 FCPATH\index.php(86): CodeIgniter\CodeIgniter->run()
