CRITICAL - 2023-11-22 09:26:31 --> Call to undefined method App\Controllers\MainController::amenitieshandleImageUpload()
in APPPATH\Controllers\MainController.php on line 95.
 1 SYSTEMPATH\CodeIgniter.php(919): App\Controllers\MainController->amenitiesSave()
 2 SYSTEMPATH\CodeIgniter.php(494): CodeIgniter\CodeIgniter->runController(Object(App\Controllers\MainController))
 3 SYSTEMPATH\CodeIgniter.php(353): CodeIgniter\CodeIgniter->handleRequest(null, Object(Config\Cache), false)
 4 FCPATH\index.php(86): CodeIgniter\CodeIgniter->run()
CRITICAL - 2023-11-22 09:26:43 --> Call to undefined method App\Controllers\MainController::amenitieshandleImageUpload()
in APPPATH\Controllers\MainController.php on line 95.
 1 SYSTEMPATH\CodeIgniter.php(919): App\Controllers\MainController->amenitiesSave()
 2 SYSTEMPATH\CodeIgniter.php(494): CodeIgniter\CodeIgniter->runController(Object(App\Controllers\MainController))
 3 SYSTEMPATH\CodeIgniter.php(353): CodeIgniter\CodeIgniter->handleRequest(null, Object(Config\Cache), false)
 4 FCPATH\index.php(86): CodeIgniter\CodeIgniter->run()
CRITICAL - 2023-11-22 09:28:25 --> Call to undefined method App\Controllers\MainController::amenitieshandleImageUpload()
in APPPATH\Controllers\MainController.php on line 95.
 1 SYSTEMPATH\CodeIgniter.php(919): App\Controllers\MainController->amenitiesSave()
 2 SYSTEMPATH\CodeIgniter.php(494): CodeIgniter\CodeIgniter->runController(Object(App\Controllers\MainController))
 3 SYSTEMPATH\CodeIgniter.php(353): CodeIgniter\CodeIgniter->handleRequest(null, Object(Config\Cache), false)
 4 FCPATH\index.php(86): CodeIgniter\CodeIgniter->run()
CRITICAL - 2023-11-22 09:28:27 --> Call to undefined method App\Controllers\MainController::amenitieshandleImageUpload()
in APPPATH\Controllers\MainController.php on line 95.
 1 SYSTEMPATH\CodeIgniter.php(919): App\Controllers\MainController->amenitiesSave()
 2 SYSTEMPATH\CodeIgniter.php(494): CodeIgniter\CodeIgniter->runController(Object(App\Controllers\MainController))
 3 SYSTEMPATH\CodeIgniter.php(353): CodeIgniter\CodeIgniter->handleRequest(null, Object(Config\Cache), false)
 4 FCPATH\index.php(86): CodeIgniter\CodeIgniter->run()
CRITICAL - 2023-11-22 09:28:27 --> Call to undefined method App\Controllers\MainController::amenitieshandleImageUpload()
in APPPATH\Controllers\MainController.php on line 95.
 1 SYSTEMPATH\CodeIgniter.php(919): App\Controllers\MainController->amenitiesSave()
 2 SYSTEMPATH\CodeIgniter.php(494): CodeIgniter\CodeIgniter->runController(Object(App\Controllers\MainController))
 3 SYSTEMPATH\CodeIgniter.php(353): CodeIgniter\CodeIgniter->handleRequest(null, Object(Config\Cache), false)
 4 FCPATH\index.php(86): CodeIgniter\CodeIgniter->run()
CRITICAL - 2023-11-22 09:28:28 --> Call to undefined method App\Controllers\MainController::amenitieshandleImageUpload()
in APPPATH\Controllers\MainController.php on line 95.
 1 SYSTEMPATH\CodeIgniter.php(919): App\Controllers\MainController->amenitiesSave()
 2 SYSTEMPATH\CodeIgniter.php(494): CodeIgniter\CodeIgniter->runController(Object(App\Controllers\MainController))
 3 SYSTEMPATH\CodeIgniter.php(353): CodeIgniter\CodeIgniter->handleRequest(null, Object(Config\Cache), false)
 4 FCPATH\index.php(86): CodeIgniter\CodeIgniter->run()
CRITICAL - 2023-11-22 09:33:20 --> Call to undefined method App\Controllers\MainController::amenitieshandleImageUpload()
in APPPATH\Controllers\MainController.php on line 95.
 1 SYSTEMPATH\CodeIgniter.php(919): App\Controllers\MainController->amenitiesSave()
 2 SYSTEMPATH\CodeIgniter.php(494): CodeIgniter\CodeIgniter->runController(Object(App\Controllers\MainController))
 3 SYSTEMPATH\CodeIgniter.php(353): CodeIgniter\CodeIgniter->handleRequest(null, Object(Config\Cache), false)
 4 FCPATH\index.php(86): CodeIgniter\CodeIgniter->run()
CRITICAL - 2023-11-22 09:34:10 --> Call to undefined method App\Controllers\MainController::amenitieshandleImageUpload()
in APPPATH\Controllers\MainController.php on line 95.
 1 SYSTEMPATH\CodeIgniter.php(919): App\Controllers\MainController->amenitiesSave()
 2 SYSTEMPATH\CodeIgniter.php(494): CodeIgniter\CodeIgniter->runController(Object(App\Controllers\MainController))
 3 SYSTEMPATH\CodeIgniter.php(353): CodeIgniter\CodeIgniter->handleRequest(null, Object(Config\Cache), false)
 4 FCPATH\index.php(86): CodeIgniter\CodeIgniter->run()
CRITICAL - 2023-11-22 09:37:10 --> Call to undefined method App\Controllers\MainController::amenitieshandleImageUpload()
in APPPATH\Controllers\MainController.php on line 95.
 1 SYSTEMPATH\CodeIgniter.php(919): App\Controllers\MainController->amenitiesSave()
 2 SYSTEMPATH\CodeIgniter.php(494): CodeIgniter\CodeIgniter->runController(Object(App\Controllers\MainController))
 3 SYSTEMPATH\CodeIgniter.php(353): CodeIgniter\CodeIgniter->handleRequest(null, Object(Config\Cache), false)
 4 FCPATH\index.php(86): CodeIgniter\CodeIgniter->run()
CRITICAL - 2023-11-22 09:37:14 --> Call to undefined method App\Controllers\MainController::amenitieshandleImageUpload()
in APPPATH\Controllers\MainController.php on line 95.
 1 SYSTEMPATH\CodeIgniter.php(919): App\Controllers\MainController->amenitiesSave()
 2 SYSTEMPATH\CodeIgniter.php(494): CodeIgniter\CodeIgniter->runController(Object(App\Controllers\MainController))
 3 SYSTEMPATH\CodeIgniter.php(353): CodeIgniter\CodeIgniter->handleRequest(null, Object(Config\Cache), false)
 4 FCPATH\index.php(86): CodeIgniter\CodeIgniter->run()
CRITICAL - 2023-11-22 09:37:21 --> Call to undefined method App\Controllers\MainController::amenitieshandleImageUpload()
in APPPATH\Controllers\MainController.php on line 95.
 1 SYSTEMPATH\CodeIgniter.php(919): App\Controllers\MainController->amenitiesSave()
 2 SYSTEMPATH\CodeIgniter.php(494): CodeIgniter\CodeIgniter->runController(Object(App\Controllers\MainController))
 3 SYSTEMPATH\CodeIgniter.php(353): CodeIgniter\CodeIgniter->handleRequest(null, Object(Config\Cache), false)
 4 FCPATH\index.php(86): CodeIgniter\CodeIgniter->run()
CRITICAL - 2023-11-22 09:41:53 --> Call to undefined method App\Controllers\MainController::amenitieshandleImageUpload()
in APPPATH\Controllers\MainController.php on line 95.
 1 SYSTEMPATH\CodeIgniter.php(919): App\Controllers\MainController->amenitiesSave()
 2 SYSTEMPATH\CodeIgniter.php(494): CodeIgniter\CodeIgniter->runController(Object(App\Controllers\MainController))
 3 SYSTEMPATH\CodeIgniter.php(353): CodeIgniter\CodeIgniter->handleRequest(null, Object(Config\Cache), false)
 4 FCPATH\index.php(86): CodeIgniter\CodeIgniter->run()
CRITICAL - 2023-11-22 09:44:34 --> Call to a member function getName() on null
in APPPATH\Controllers\MainController.php on line 88.
 1 SYSTEMPATH\CodeIgniter.php(919): App\Controllers\MainController->amenitiesSave()
 2 SYSTEMPATH\CodeIgniter.php(494): CodeIgniter\CodeIgniter->runController(Object(App\Controllers\MainController))
 3 SYSTEMPATH\CodeIgniter.php(353): CodeIgniter\CodeIgniter->handleRequest(null, Object(Config\Cache), false)
 4 FCPATH\index.php(86): CodeIgniter\CodeIgniter->run()
CRITICAL - 2023-11-22 09:49:35 --> Call to a member function getName() on null
in APPPATH\Controllers\MainController.php on line 88.
 1 SYSTEMPATH\CodeIgniter.php(919): App\Controllers\MainController->amenitiesSave()
 2 SYSTEMPATH\CodeIgniter.php(494): CodeIgniter\CodeIgniter->runController(Object(App\Controllers\MainController))
 3 SYSTEMPATH\CodeIgniter.php(353): CodeIgniter\CodeIgniter->handleRequest(null, Object(Config\Cache), false)
 4 FCPATH\index.php(86): CodeIgniter\CodeIgniter->run()
CRITICAL - 2023-11-22 09:53:47 --> Call to undefined method App\Controllers\MainController::amenitieshandleImageUpload()
in APPPATH\Controllers\MainController.php on line 95.
 1 SYSTEMPATH\CodeIgniter.php(919): App\Controllers\MainController->amenitiesSave()
 2 SYSTEMPATH\CodeIgniter.php(494): CodeIgniter\CodeIgniter->runController(Object(App\Controllers\MainController))
 3 SYSTEMPATH\CodeIgniter.php(353): CodeIgniter\CodeIgniter->handleRequest(null, Object(Config\Cache), false)
 4 FCPATH\index.php(86): CodeIgniter\CodeIgniter->run()
