CRITICAL - 2023-11-15 01:36:46 --> Undefined property: stdClass::$room_image
in APPPATH\Controllers\MainController.php on line 36.
 1 APPPATH\Controllers\MainController.php(36): CodeIgniter\Debug\Exceptions->errorHandler(2, 'Undefined property: stdClass::$room_image', 'C:\\laragon\\www\\Veronica_backend\\app\\Controllers\\MainController.php', 36)
 2 SYSTEMPATH\CodeIgniter.php(919): App\Controllers\MainController->save()
 3 SYSTEMPATH\CodeIgniter.php(494): CodeIgniter\CodeIgniter->runController(Object(App\Controllers\MainController))
 4 SYSTEMPATH\CodeIgniter.php(353): CodeIgniter\CodeIgniter->handleRequest(null, Object(Config\Cache), false)
 5 FCPATH\index.php(86): CodeIgniter\CodeIgniter->run()
ERROR - 2023-11-15 03:27:29 --> Error fetching data: Failed to parse JSON string. Error: Malformed UTF-8 characters, possibly incorrectly encoded
ERROR - 2023-11-15 03:27:35 --> Error fetching data: Failed to parse JSON string. Error: Malformed UTF-8 characters, possibly incorrectly encoded
ERROR - 2023-11-15 03:27:37 --> Error fetching data: Failed to parse JSON string. Error: Malformed UTF-8 characters, possibly incorrectly encoded
ERROR - 2023-11-15 03:27:39 --> Error fetching data: Failed to parse JSON string. Error: Malformed UTF-8 characters, possibly incorrectly encoded
ERROR - 2023-11-15 03:27:42 --> Error fetching data: Failed to parse JSON string. Error: Malformed UTF-8 characters, possibly incorrectly encoded
ERROR - 2023-11-15 03:27:45 --> Error fetching data: Failed to parse JSON string. Error: Malformed UTF-8 characters, possibly incorrectly encoded
ERROR - 2023-11-15 03:27:46 --> Error fetching data: Failed to parse JSON string. Error: Malformed UTF-8 characters, possibly incorrectly encoded
ERROR - 2023-11-15 03:27:48 --> Error fetching data: Failed to parse JSON string. Error: Malformed UTF-8 characters, possibly incorrectly encoded
CRITICAL - 2023-11-15 08:08:13 --> Namespace declaration statement has to be the very first statement or after any declare call in the script
in APPPATH\Controllers\MainController.php on line 3.
 1 [internal function]: CodeIgniter\Debug\Exceptions->shutdownHandler()
CRITICAL - 2023-11-15 08:08:19 --> Namespace declaration statement has to be the very first statement or after any declare call in the script
in APPPATH\Controllers\MainController.php on line 3.
 1 [internal function]: CodeIgniter\Debug\Exceptions->shutdownHandler()
CRITICAL - 2023-11-15 08:08:27 --> Namespace declaration statement has to be the very first statement or after any declare call in the script
in APPPATH\Controllers\MainController.php on line 3.
 1 [internal function]: CodeIgniter\Debug\Exceptions->shutdownHandler()
CRITICAL - 2023-11-15 08:08:32 --> Namespace declaration statement has to be the very first statement or after any declare call in the script
in APPPATH\Controllers\MainController.php on line 3.
 1 [internal function]: CodeIgniter\Debug\Exceptions->shutdownHandler()
CRITICAL - 2023-11-15 08:09:09 --> Namespace declaration statement has to be the very first statement or after any declare call in the script
in APPPATH\Controllers\MainController.php on line 3.
 1 [internal function]: CodeIgniter\Debug\Exceptions->shutdownHandler()
CRITICAL - 2023-11-15 08:09:43 --> Namespace declaration statement has to be the very first statement or after any declare call in the script
in APPPATH\Controllers\MainController.php on line 3.
 1 [internal function]: CodeIgniter\Debug\Exceptions->shutdownHandler()
CRITICAL - 2023-11-15 08:10:56 --> Namespace declaration statement has to be the very first statement or after any declare call in the script
in APPPATH\Controllers\MainController.php on line 3.
 1 [internal function]: CodeIgniter\Debug\Exceptions->shutdownHandler()
CRITICAL - 2023-11-15 08:10:58 --> Namespace declaration statement has to be the very first statement or after any declare call in the script
in APPPATH\Controllers\MainController.php on line 3.
 1 [internal function]: CodeIgniter\Debug\Exceptions->shutdownHandler()
CRITICAL - 2023-11-15 08:10:58 --> Namespace declaration statement has to be the very first statement or after any declare call in the script
in APPPATH\Controllers\MainController.php on line 3.
 1 [internal function]: CodeIgniter\Debug\Exceptions->shutdownHandler()
CRITICAL - 2023-11-15 08:11:00 --> Namespace declaration statement has to be the very first statement or after any declare call in the script
in APPPATH\Controllers\MainController.php on line 3.
 1 [internal function]: CodeIgniter\Debug\Exceptions->shutdownHandler()
CRITICAL - 2023-11-15 08:11:07 --> Namespace declaration statement has to be the very first statement or after any declare call in the script
in APPPATH\Controllers\MainController.php on line 3.
 1 [internal function]: CodeIgniter\Debug\Exceptions->shutdownHandler()
CRITICAL - 2023-11-15 08:18:06 --> syntax error, unexpected token "public", expecting end of file
in APPPATH\Controllers\MainController.php on line 49.
 1 SYSTEMPATH\Autoloader\Autoloader.php(285): CodeIgniter\Autoloader\Autoloader->includeFile('C:\\laragon\\www\\Veronica_backend\\app\\Controllers\\MainController.php')
 2 SYSTEMPATH\Autoloader\Autoloader.php(263): CodeIgniter\Autoloader\Autoloader->loadInNamespace('App\\Controllers\\MainController')
 3 [internal function]: CodeIgniter\Autoloader\Autoloader->loadClass('App\\Controllers\\MainController')
 4 SYSTEMPATH\CodeIgniter.php(877): class_exists('\\App\\Controllers\\MainController', true)
 5 SYSTEMPATH\CodeIgniter.php(481): CodeIgniter\CodeIgniter->startController()
 6 SYSTEMPATH\CodeIgniter.php(353): CodeIgniter\CodeIgniter->handleRequest(null, Object(Config\Cache), false)
 7 FCPATH\index.php(86): CodeIgniter\CodeIgniter->run()
